<?xml version="1.0" encoding="UTF-8"?>
<testsuite xmlns:xsi="http://www.w3.org/2001/XMLSchema-instance" xsi:noNamespaceSchemaLocation="https://maven.apache.org/surefire/maven-surefire-plugin/xsd/surefire-test-report-3.0.xsd" version="3.0" name="com.testing.HelloWorldControllerTest" time="0.299" tests="1" errors="0" skipped="0" failures="0">
  <properties>
    <property name="java.specification.version" value="17"/>
    <property name="sun.jnu.encoding" value="UTF-8"/>
    <property name="java.class.path" value="/home/arnaudthovert/ECF/Activite2/spring-boot-hello-world/target/test-classes:/home/arnaudthovert/ECF/Activite2/spring-boot-hello-world/target/classes:/home/arnaudthovert/.m2/repository/org/springframework/boot/spring-boot-starter/2.0.4.RELEASE/spring-boot-starter-2.0.4.RELEASE.jar:/home/arnaudthovert/.m2/repository/org/springframework/boot/spring-boot/2.0.4.RELEASE/spring-boot-2.0.4.RELEASE.jar:/home/arnaudthovert/.m2/repository/org/springframework/spring-context/5.0.8.RELEASE/spring-context-5.0.8.RELEASE.jar:/home/arnaudthovert/.m2/repository/org/springframework/boot/spring-boot-autoconfigure/2.0.4.RELEASE/spring-boot-autoconfigure-2.0.4.RELEASE.jar:/home/arnaudthovert/.m2/repository/org/springframework/boot/spring-boot-starter-logging/2.0.4.RELEASE/spring-boot-starter-logging-2.0.4.RELEASE.jar:/home/arnaudthovert/.m2/repository/ch/qos/logback/logback-classic/1.2.3/logback-classic-1.2.3.jar:/home/arnaudthovert/.m2/repository/org/apache/logging/log4j/log4j-to-slf4j/2.10.0/log4j-to-slf4j-2.10.0.jar:/home/arnaudthovert/.m2/repository/org/apache/logging/log4j/log4j-api/2.10.0/log4j-api-2.10.0.jar:/home/arnaudthovert/.m2/repository/org/slf4j/jul-to-slf4j/1.7.25/jul-to-slf4j-1.7.25.jar:/home/arnaudthovert/.m2/repository/javax/annotation/javax.annotation-api/1.3.2/javax.annotation-api-1.3.2.jar:/home/arnaudthovert/.m2/repository/org/springframework/spring-core/5.0.8.RELEASE/spring-core-5.0.8.RELEASE.jar:/home/arnaudthovert/.m2/repository/org/springframework/spring-jcl/5.0.8.RELEASE/spring-jcl-5.0.8.RELEASE.jar:/home/arnaudthovert/.m2/repository/org/yaml/snakeyaml/1.19/snakeyaml-1.19.jar:/home/arnaudthovert/.m2/repository/org/springframework/boot/spring-boot-starter-actuator/2.0.4.RELEASE/spring-boot-starter-actuator-2.0.4.RELEASE.jar:/home/arnaudthovert/.m2/repository/org/springframework/boot/spring-boot-actuator-autoconfigure/2.0.4.RELEASE/spring-boot-actuator-autoconfigure-2.0.4.RELEASE.jar:/home/arnaudthovert/.m2/repository/org/springframework/boot/spring-boot-actuator/2.0.4.RELEASE/spring-boot-actuator-2.0.4.RELEASE.jar:/home/arnaudthovert/.m2/repository/com/fasterxml/jackson/datatype/jackson-datatype-jsr310/2.9.6/jackson-datatype-jsr310-2.9.6.jar:/home/arnaudthovert/.m2/repository/io/micrometer/micrometer-core/1.0.6/micrometer-core-1.0.6.jar:/home/arnaudthovert/.m2/repository/org/hdrhistogram/HdrHistogram/2.1.10/HdrHistogram-2.1.10.jar:/home/arnaudthovert/.m2/repository/org/latencyutils/LatencyUtils/2.0.3/LatencyUtils-2.0.3.jar:/home/arnaudthovert/.m2/repository/org/springframework/boot/spring-boot-starter-data-jpa/2.0.4.RELEASE/spring-boot-starter-data-jpa-2.0.4.RELEASE.jar:/home/arnaudthovert/.m2/repository/org/springframework/boot/spring-boot-starter-aop/2.0.4.RELEASE/spring-boot-starter-aop-2.0.4.RELEASE.jar:/home/arnaudthovert/.m2/repository/org/springframework/spring-aop/5.0.8.RELEASE/spring-aop-5.0.8.RELEASE.jar:/home/arnaudthovert/.m2/repository/org/aspectj/aspectjweaver/1.8.13/aspectjweaver-1.8.13.jar:/home/arnaudthovert/.m2/repository/org/springframework/boot/spring-boot-starter-jdbc/2.0.4.RELEASE/spring-boot-starter-jdbc-2.0.4.RELEASE.jar:/home/arnaudthovert/.m2/repository/com/zaxxer/HikariCP/2.7.9/HikariCP-2.7.9.jar:/home/arnaudthovert/.m2/repository/org/springframework/spring-jdbc/5.0.8.RELEASE/spring-jdbc-5.0.8.RELEASE.jar:/home/arnaudthovert/.m2/repository/org/hibernate/hibernate-core/5.2.17.Final/hibernate-core-5.2.17.Final.jar:/home/arnaudthovert/.m2/repository/org/jboss/logging/jboss-logging/3.3.2.Final/jboss-logging-3.3.2.Final.jar:/home/arnaudthovert/.m2/repository/org/hibernate/javax/persistence/hibernate-jpa-2.1-api/1.0.2.Final/hibernate-jpa-2.1-api-1.0.2.Final.jar:/home/arnaudthovert/.m2/repository/org/javassist/javassist/3.22.0-GA/javassist-3.22.0-GA.jar:/home/arnaudthovert/.m2/repository/antlr/antlr/2.7.7/antlr-2.7.7.jar:/home/arnaudthovert/.m2/repository/org/jboss/jandex/2.0.3.Final/jandex-2.0.3.Final.jar:/home/arnaudthovert/.m2/repository/com/fasterxml/classmate/1.3.4/classmate-1.3.4.jar:/home/arnaudthovert/.m2/repository/dom4j/dom4j/1.6.1/dom4j-1.6.1.jar:/home/arnaudthovert/.m2/repository/org/hibernate/common/hibernate-commons-annotations/5.0.1.Final/hibernate-commons-annotations-5.0.1.Final.jar:/home/arnaudthovert/.m2/repository/javax/transaction/javax.transaction-api/1.2/javax.transaction-api-1.2.jar:/home/arnaudthovert/.m2/repository/org/springframework/data/spring-data-jpa/2.0.9.RELEASE/spring-data-jpa-2.0.9.RELEASE.jar:/home/arnaudthovert/.m2/repository/org/springframework/data/spring-data-commons/2.0.9.RELEASE/spring-data-commons-2.0.9.RELEASE.jar:/home/arnaudthovert/.m2/repository/org/springframework/spring-orm/5.0.8.RELEASE/spring-orm-5.0.8.RELEASE.jar:/home/arnaudthovert/.m2/repository/org/springframework/spring-tx/5.0.8.RELEASE/spring-tx-5.0.8.RELEASE.jar:/home/arnaudthovert/.m2/repository/org/springframework/spring-beans/5.0.8.RELEASE/spring-beans-5.0.8.RELEASE.jar:/home/arnaudthovert/.m2/repository/org/slf4j/slf4j-api/1.7.25/slf4j-api-1.7.25.jar:/home/arnaudthovert/.m2/repository/org/springframework/spring-aspects/5.0.8.RELEASE/spring-aspects-5.0.8.RELEASE.jar:/home/arnaudthovert/.m2/repository/org/springframework/boot/spring-boot-starter-test/2.0.4.RELEASE/spring-boot-starter-test-2.0.4.RELEASE.jar:/home/arnaudthovert/.m2/repository/org/springframework/boot/spring-boot-test-autoconfigure/2.0.4.RELEASE/spring-boot-test-autoconfigure-2.0.4.RELEASE.jar:/home/arnaudthovert/.m2/repository/com/jayway/jsonpath/json-path/2.4.0/json-path-2.4.0.jar:/home/arnaudthovert/.m2/repository/net/minidev/json-smart/2.3/json-smart-2.3.jar:/home/arnaudthovert/.m2/repository/net/minidev/accessors-smart/1.2/accessors-smart-1.2.jar:/home/arnaudthovert/.m2/repository/org/ow2/asm/asm/5.0.4/asm-5.0.4.jar:/home/arnaudthovert/.m2/repository/junit/junit/4.12/junit-4.12.jar:/home/arnaudthovert/.m2/repository/org/hamcrest/hamcrest-core/1.3/hamcrest-core-1.3.jar:/home/arnaudthovert/.m2/repository/org/hamcrest/hamcrest-library/1.3/hamcrest-library-1.3.jar:/home/arnaudthovert/.m2/repository/org/skyscreamer/jsonassert/1.5.0/jsonassert-1.5.0.jar:/home/arnaudthovert/.m2/repository/org/xmlunit/xmlunit-core/2.5.1/xmlunit-core-2.5.1.jar:/home/arnaudthovert/.m2/repository/org/springframework/boot/spring-boot-starter-web/2.0.4.RELEASE/spring-boot-starter-web-2.0.4.RELEASE.jar:/home/arnaudthovert/.m2/repository/org/springframework/boot/spring-boot-starter-json/2.0.4.RELEASE/spring-boot-starter-json-2.0.4.RELEASE.jar:/home/arnaudthovert/.m2/repository/com/fasterxml/jackson/datatype/jackson-datatype-jdk8/2.9.6/jackson-datatype-jdk8-2.9.6.jar:/home/arnaudthovert/.m2/repository/com/fasterxml/jackson/module/jackson-module-parameter-names/2.9.6/jackson-module-parameter-names-2.9.6.jar:/home/arnaudthovert/.m2/repository/org/springframework/boot/spring-boot-starter-tomcat/2.0.4.RELEASE/spring-boot-starter-tomcat-2.0.4.RELEASE.jar:/home/arnaudthovert/.m2/repository/org/apache/tomcat/embed/tomcat-embed-core/8.5.32/tomcat-embed-core-8.5.32.jar:/home/arnaudthovert/.m2/repository/org/apache/tomcat/embed/tomcat-embed-el/8.5.32/tomcat-embed-el-8.5.32.jar:/home/arnaudthovert/.m2/repository/org/apache/tomcat/embed/tomcat-embed-websocket/8.5.32/tomcat-embed-websocket-8.5.32.jar:/home/arnaudthovert/.m2/repository/org/hibernate/validator/hibernate-validator/6.0.11.Final/hibernate-validator-6.0.11.Final.jar:/home/arnaudthovert/.m2/repository/javax/validation/validation-api/2.0.1.Final/validation-api-2.0.1.Final.jar:/home/arnaudthovert/.m2/repository/org/openjfx/javafx.base/11.0.0-SNAPSHOT/javafx.base-11.0.0-SNAPSHOT.jar:/home/arnaudthovert/.m2/repository/org/openjfx/javafx.base/11.0.0-SNAPSHOT/javafx.base-11.0.0-SNAPSHOT-linux.jar:/home/arnaudthovert/.m2/repository/org/openjfx/javafx.base/11.0.0-SNAPSHOT/javafx.base-11.0.0-SNAPSHOT-mac.jar:/home/arnaudthovert/.m2/repository/org/openjfx/javafx.base/11.0.0-SNAPSHOT/javafx.base-11.0.0-SNAPSHOT-win.jar:/home/arnaudthovert/.m2/repository/org/springframework/spring-web/5.0.8.RELEASE/spring-web-5.0.8.RELEASE.jar:/home/arnaudthovert/.m2/repository/org/springframework/spring-webmvc/5.0.8.RELEASE/spring-webmvc-5.0.8.RELEASE.jar:/home/arnaudthovert/.m2/repository/org/springframework/spring-expression/5.0.8.RELEASE/spring-expression-5.0.8.RELEASE.jar:/home/arnaudthovert/.m2/repository/com/h2database/h2/1.4.197/h2-1.4.197.jar:/home/arnaudthovert/.m2/repository/org/springframework/cloud/spring-cloud-starter-sleuth/2.0.0.RELEASE/spring-cloud-starter-sleuth-2.0.0.RELEASE.jar:/home/arnaudthovert/.m2/repository/org/springframework/cloud/spring-cloud-starter/2.0.0.RELEASE/spring-cloud-starter-2.0.0.RELEASE.jar:/home/arnaudthovert/.m2/repository/org/springframework/cloud/spring-cloud-context/2.0.0.RELEASE/spring-cloud-context-2.0.0.RELEASE.jar:/home/arnaudthovert/.m2/repository/org/springframework/security/spring-security-rsa/1.0.5.RELEASE/spring-security-rsa-1.0.5.RELEASE.jar:/home/arnaudthovert/.m2/repository/org/bouncycastle/bcpkix-jdk15on/1.56/bcpkix-jdk15on-1.56.jar:/home/arnaudthovert/.m2/repository/org/bouncycastle/bcprov-jdk15on/1.56/bcprov-jdk15on-1.56.jar:/home/arnaudthovert/.m2/repository/org/springframework/cloud/spring-cloud-sleuth-core/2.0.0.RELEASE/spring-cloud-sleuth-core-2.0.0.RELEASE.jar:/home/arnaudthovert/.m2/repository/org/aspectj/aspectjrt/1.8.13/aspectjrt-1.8.13.jar:/home/arnaudthovert/.m2/repository/io/zipkin/brave/brave/5.1.0/brave-5.1.0.jar:/home/arnaudthovert/.m2/repository/io/zipkin/brave/brave-context-log4j2/5.1.0/brave-context-log4j2-5.1.0.jar:/home/arnaudthovert/.m2/repository/io/zipkin/brave/brave-instrumentation-spring-web/5.1.0/brave-instrumentation-spring-web-5.1.0.jar:/home/arnaudthovert/.m2/repository/io/zipkin/brave/brave-instrumentation-http/5.1.0/brave-instrumentation-http-5.1.0.jar:/home/arnaudthovert/.m2/repository/io/zipkin/brave/brave-instrumentation-spring-rabbit/5.1.0/brave-instrumentation-spring-rabbit-5.1.0.jar:/home/arnaudthovert/.m2/repository/io/zipkin/brave/brave-instrumentation-kafka-clients/5.1.0/brave-instrumentation-kafka-clients-5.1.0.jar:/home/arnaudthovert/.m2/repository/io/zipkin/brave/brave-instrumentation-httpclient/5.1.0/brave-instrumentation-httpclient-5.1.0.jar:/home/arnaudthovert/.m2/repository/io/zipkin/brave/brave-instrumentation-httpasyncclient/5.1.0/brave-instrumentation-httpasyncclient-5.1.0.jar:/home/arnaudthovert/.m2/repository/io/zipkin/brave/brave-instrumentation-spring-webmvc/5.1.0/brave-instrumentation-spring-webmvc-5.1.0.jar:/home/arnaudthovert/.m2/repository/io/zipkin/brave/brave-instrumentation-servlet/5.1.0/brave-instrumentation-servlet-5.1.0.jar:/home/arnaudthovert/.m2/repository/org/springframework/cloud/spring-cloud-sleuth-zipkin/2.0.0.RELEASE/spring-cloud-sleuth-zipkin-2.0.0.RELEASE.jar:/home/arnaudthovert/.m2/repository/org/springframework/cloud/spring-cloud-commons/2.0.0.RELEASE/spring-cloud-commons-2.0.0.RELEASE.jar:/home/arnaudthovert/.m2/repository/org/springframework/security/spring-security-crypto/5.0.7.RELEASE/spring-security-crypto-5.0.7.RELEASE.jar:/home/arnaudthovert/.m2/repository/io/zipkin/zipkin2/zipkin/2.9.3/zipkin-2.9.3.jar:/home/arnaudthovert/.m2/repository/io/zipkin/reporter2/zipkin-reporter/2.7.3/zipkin-reporter-2.7.3.jar:/home/arnaudthovert/.m2/repository/io/zipkin/reporter2/zipkin-sender-kafka11/2.7.3/zipkin-sender-kafka11-2.7.3.jar:/home/arnaudthovert/.m2/repository/io/zipkin/reporter2/zipkin-sender-amqp-client/2.7.3/zipkin-sender-amqp-client-2.7.3.jar:/home/arnaudthovert/.m2/repository/commons-collections/commons-collections/3.2.2/commons-collections-3.2.2.jar:/home/arnaudthovert/.m2/repository/net/logstash/logback/logstash-logback-encoder/4.11/logstash-logback-encoder-4.11.jar:/home/arnaudthovert/.m2/repository/ch/qos/logback/logback-core/1.2.3/logback-core-1.2.3.jar:/home/arnaudthovert/.m2/repository/com/fasterxml/jackson/core/jackson-databind/2.9.6/jackson-databind-2.9.6.jar:/home/arnaudthovert/.m2/repository/javax/xml/bind/jaxb-api/2.3.1/jaxb-api-2.3.1.jar:/home/arnaudthovert/.m2/repository/javax/activation/javax.activation-api/1.2.0/javax.activation-api-1.2.0.jar:/home/arnaudthovert/.m2/repository/org/glassfish/jaxb/jaxb-runtime/2.3.3/jaxb-runtime-2.3.3.jar:/home/arnaudthovert/.m2/repository/jakarta/xml/bind/jakarta.xml.bind-api/2.3.3/jakarta.xml.bind-api-2.3.3.jar:/home/arnaudthovert/.m2/repository/org/glassfish/jaxb/txw2/2.3.3/txw2-2.3.3.jar:/home/arnaudthovert/.m2/repository/com/sun/istack/istack-commons-runtime/3.0.11/istack-commons-runtime-3.0.11.jar:/home/arnaudthovert/.m2/repository/com/sun/activation/jakarta.activation/1.2.2/jakarta.activation-1.2.2.jar:/home/arnaudthovert/.m2/repository/com/fasterxml/jackson/dataformat/jackson-dataformat-xml/2.9.6/jackson-dataformat-xml-2.9.6.jar:/home/arnaudthovert/.m2/repository/com/fasterxml/jackson/core/jackson-core/2.9.6/jackson-core-2.9.6.jar:/home/arnaudthovert/.m2/repository/com/fasterxml/jackson/core/jackson-annotations/2.9.0/jackson-annotations-2.9.0.jar:/home/arnaudthovert/.m2/repository/com/fasterxml/jackson/module/jackson-module-jaxb-annotations/2.9.6/jackson-module-jaxb-annotations-2.9.6.jar:/home/arnaudthovert/.m2/repository/org/codehaus/woodstox/stax2-api/3.1.4/stax2-api-3.1.4.jar:/home/arnaudthovert/.m2/repository/com/fasterxml/woodstox/woodstox-core/5.0.3/woodstox-core-5.0.3.jar:/home/arnaudthovert/.m2/repository/com/fasterxml/jackson/datatype/jackson-datatype-joda/2.9.6/jackson-datatype-joda-2.9.6.jar:/home/arnaudthovert/.m2/repository/joda-time/joda-time/2.9.9/joda-time-2.9.9.jar:/home/arnaudthovert/.m2/repository/org/junit/jupiter/junit-jupiter-api/5.1.1/junit-jupiter-api-5.1.1.jar:/home/arnaudthovert/.m2/repository/org/apiguardian/apiguardian-api/1.0.0/apiguardian-api-1.0.0.jar:/home/arnaudthovert/.m2/repository/org/opentest4j/opentest4j/1.0.0/opentest4j-1.0.0.jar:/home/arnaudthovert/.m2/repository/org/junit/platform/junit-platform-commons/1.1.1/junit-platform-commons-1.1.1.jar:/home/arnaudthovert/.m2/repository/org/mockito/mockito-core/2.15.0/mockito-core-2.15.0.jar:/home/arnaudthovert/.m2/repository/net/bytebuddy/byte-buddy/1.7.11/byte-buddy-1.7.11.jar:/home/arnaudthovert/.m2/repository/net/bytebuddy/byte-buddy-agent/1.7.11/byte-buddy-agent-1.7.11.jar:/home/arnaudthovert/.m2/repository/org/objenesis/objenesis/2.6/objenesis-2.6.jar:/home/arnaudthovert/.m2/repository/org/assertj/assertj-core/3.9.1/assertj-core-3.9.1.jar:/home/arnaudthovert/.m2/repository/org/springframework/boot/spring-boot-test/2.0.4.RELEASE/spring-boot-test-2.0.4.RELEASE.jar:/home/arnaudthovert/.m2/repository/org/springframework/spring-test/5.0.8.RELEASE/spring-test-5.0.8.RELEASE.jar:"/>
    <property name="java.vm.vendor" value="Ubuntu"/>
    <property name="sun.arch.data.model" value="64"/>
    <property name="catalina.useNaming" value="false"/>
    <property name="java.vendor.url" value="https://ubuntu.com/"/>
    <property name="user.timezone" value="Europe/Paris"/>
    <property name="os.name" value="Linux"/>
    <property name="java.vm.specification.version" value="17"/>
    <property name="sun.java.launcher" value="SUN_STANDARD"/>
    <property name="user.country" value="FR"/>
    <property name="sun.boot.library.path" value="/usr/lib/jvm/java-17-openjdk-amd64/lib"/>
    <property name="sun.java.command" value="/home/arnaudthovert/ECF/Activite2/spring-boot-hello-world/target/surefire/surefirebooter-20250721200144299_3.jar /home/arnaudthovert/ECF/Activite2/spring-boot-hello-world/target/surefire 2025-07-21T20-01-43_835-jvmRun1 surefire-20250721200144299_1tmp surefire_0-20250721200144299_2tmp"/>
    <property name="jdk.debug" value="release"/>
    <property name="surefire.test.class.path" value="/home/arnaudthovert/ECF/Activite2/spring-boot-hello-world/target/test-classes:/home/arnaudthovert/ECF/Activite2/spring-boot-hello-world/target/classes:/home/arnaudthovert/.m2/repository/org/springframework/boot/spring-boot-starter/2.0.4.RELEASE/spring-boot-starter-2.0.4.RELEASE.jar:/home/arnaudthovert/.m2/repository/org/springframework/boot/spring-boot/2.0.4.RELEASE/spring-boot-2.0.4.RELEASE.jar:/home/arnaudthovert/.m2/repository/org/springframework/spring-context/5.0.8.RELEASE/spring-context-5.0.8.RELEASE.jar:/home/arnaudthovert/.m2/repository/org/springframework/boot/spring-boot-autoconfigure/2.0.4.RELEASE/spring-boot-autoconfigure-2.0.4.RELEASE.jar:/home/arnaudthovert/.m2/repository/org/springframework/boot/spring-boot-starter-logging/2.0.4.RELEASE/spring-boot-starter-logging-2.0.4.RELEASE.jar:/home/arnaudthovert/.m2/repository/ch/qos/logback/logback-classic/1.2.3/logback-classic-1.2.3.jar:/home/arnaudthovert/.m2/repository/org/apache/logging/log4j/log4j-to-slf4j/2.10.0/log4j-to-slf4j-2.10.0.jar:/home/arnaudthovert/.m2/repository/org/apache/logging/log4j/log4j-api/2.10.0/log4j-api-2.10.0.jar:/home/arnaudthovert/.m2/repository/org/slf4j/jul-to-slf4j/1.7.25/jul-to-slf4j-1.7.25.jar:/home/arnaudthovert/.m2/repository/javax/annotation/javax.annotation-api/1.3.2/javax.annotation-api-1.3.2.jar:/home/arnaudthovert/.m2/repository/org/springframework/spring-core/5.0.8.RELEASE/spring-core-5.0.8.RELEASE.jar:/home/arnaudthovert/.m2/repository/org/springframework/spring-jcl/5.0.8.RELEASE/spring-jcl-5.0.8.RELEASE.jar:/home/arnaudthovert/.m2/repository/org/yaml/snakeyaml/1.19/snakeyaml-1.19.jar:/home/arnaudthovert/.m2/repository/org/springframework/boot/spring-boot-starter-actuator/2.0.4.RELEASE/spring-boot-starter-actuator-2.0.4.RELEASE.jar:/home/arnaudthovert/.m2/repository/org/springframework/boot/spring-boot-actuator-autoconfigure/2.0.4.RELEASE/spring-boot-actuator-autoconfigure-2.0.4.RELEASE.jar:/home/arnaudthovert/.m2/repository/org/springframework/boot/spring-boot-actuator/2.0.4.RELEASE/spring-boot-actuator-2.0.4.RELEASE.jar:/home/arnaudthovert/.m2/repository/com/fasterxml/jackson/datatype/jackson-datatype-jsr310/2.9.6/jackson-datatype-jsr310-2.9.6.jar:/home/arnaudthovert/.m2/repository/io/micrometer/micrometer-core/1.0.6/micrometer-core-1.0.6.jar:/home/arnaudthovert/.m2/repository/org/hdrhistogram/HdrHistogram/2.1.10/HdrHistogram-2.1.10.jar:/home/arnaudthovert/.m2/repository/org/latencyutils/LatencyUtils/2.0.3/LatencyUtils-2.0.3.jar:/home/arnaudthovert/.m2/repository/org/springframework/boot/spring-boot-starter-data-jpa/2.0.4.RELEASE/spring-boot-starter-data-jpa-2.0.4.RELEASE.jar:/home/arnaudthovert/.m2/repository/org/springframework/boot/spring-boot-starter-aop/2.0.4.RELEASE/spring-boot-starter-aop-2.0.4.RELEASE.jar:/home/arnaudthovert/.m2/repository/org/springframework/spring-aop/5.0.8.RELEASE/spring-aop-5.0.8.RELEASE.jar:/home/arnaudthovert/.m2/repository/org/aspectj/aspectjweaver/1.8.13/aspectjweaver-1.8.13.jar:/home/arnaudthovert/.m2/repository/org/springframework/boot/spring-boot-starter-jdbc/2.0.4.RELEASE/spring-boot-starter-jdbc-2.0.4.RELEASE.jar:/home/arnaudthovert/.m2/repository/com/zaxxer/HikariCP/2.7.9/HikariCP-2.7.9.jar:/home/arnaudthovert/.m2/repository/org/springframework/spring-jdbc/5.0.8.RELEASE/spring-jdbc-5.0.8.RELEASE.jar:/home/arnaudthovert/.m2/repository/org/hibernate/hibernate-core/5.2.17.Final/hibernate-core-5.2.17.Final.jar:/home/arnaudthovert/.m2/repository/org/jboss/logging/jboss-logging/3.3.2.Final/jboss-logging-3.3.2.Final.jar:/home/arnaudthovert/.m2/repository/org/hibernate/javax/persistence/hibernate-jpa-2.1-api/1.0.2.Final/hibernate-jpa-2.1-api-1.0.2.Final.jar:/home/arnaudthovert/.m2/repository/org/javassist/javassist/3.22.0-GA/javassist-3.22.0-GA.jar:/home/arnaudthovert/.m2/repository/antlr/antlr/2.7.7/antlr-2.7.7.jar:/home/arnaudthovert/.m2/repository/org/jboss/jandex/2.0.3.Final/jandex-2.0.3.Final.jar:/home/arnaudthovert/.m2/repository/com/fasterxml/classmate/1.3.4/classmate-1.3.4.jar:/home/arnaudthovert/.m2/repository/dom4j/dom4j/1.6.1/dom4j-1.6.1.jar:/home/arnaudthovert/.m2/repository/org/hibernate/common/hibernate-commons-annotations/5.0.1.Final/hibernate-commons-annotations-5.0.1.Final.jar:/home/arnaudthovert/.m2/repository/javax/transaction/javax.transaction-api/1.2/javax.transaction-api-1.2.jar:/home/arnaudthovert/.m2/repository/org/springframework/data/spring-data-jpa/2.0.9.RELEASE/spring-data-jpa-2.0.9.RELEASE.jar:/home/arnaudthovert/.m2/repository/org/springframework/data/spring-data-commons/2.0.9.RELEASE/spring-data-commons-2.0.9.RELEASE.jar:/home/arnaudthovert/.m2/repository/org/springframework/spring-orm/5.0.8.RELEASE/spring-orm-5.0.8.RELEASE.jar:/home/arnaudthovert/.m2/repository/org/springframework/spring-tx/5.0.8.RELEASE/spring-tx-5.0.8.RELEASE.jar:/home/arnaudthovert/.m2/repository/org/springframework/spring-beans/5.0.8.RELEASE/spring-beans-5.0.8.RELEASE.jar:/home/arnaudthovert/.m2/repository/org/slf4j/slf4j-api/1.7.25/slf4j-api-1.7.25.jar:/home/arnaudthovert/.m2/repository/org/springframework/spring-aspects/5.0.8.RELEASE/spring-aspects-5.0.8.RELEASE.jar:/home/arnaudthovert/.m2/repository/org/springframework/boot/spring-boot-starter-test/2.0.4.RELEASE/spring-boot-starter-test-2.0.4.RELEASE.jar:/home/arnaudthovert/.m2/repository/org/springframework/boot/spring-boot-test-autoconfigure/2.0.4.RELEASE/spring-boot-test-autoconfigure-2.0.4.RELEASE.jar:/home/arnaudthovert/.m2/repository/com/jayway/jsonpath/json-path/2.4.0/json-path-2.4.0.jar:/home/arnaudthovert/.m2/repository/net/minidev/json-smart/2.3/json-smart-2.3.jar:/home/arnaudthovert/.m2/repository/net/minidev/accessors-smart/1.2/accessors-smart-1.2.jar:/home/arnaudthovert/.m2/repository/org/ow2/asm/asm/5.0.4/asm-5.0.4.jar:/home/arnaudthovert/.m2/repository/junit/junit/4.12/junit-4.12.jar:/home/arnaudthovert/.m2/repository/org/hamcrest/hamcrest-core/1.3/hamcrest-core-1.3.jar:/home/arnaudthovert/.m2/repository/org/hamcrest/hamcrest-library/1.3/hamcrest-library-1.3.jar:/home/arnaudthovert/.m2/repository/org/skyscreamer/jsonassert/1.5.0/jsonassert-1.5.0.jar:/home/arnaudthovert/.m2/repository/org/xmlunit/xmlunit-core/2.5.1/xmlunit-core-2.5.1.jar:/home/arnaudthovert/.m2/repository/org/springframework/boot/spring-boot-starter-web/2.0.4.RELEASE/spring-boot-starter-web-2.0.4.RELEASE.jar:/home/arnaudthovert/.m2/repository/org/springframework/boot/spring-boot-starter-json/2.0.4.RELEASE/spring-boot-starter-json-2.0.4.RELEASE.jar:/home/arnaudthovert/.m2/repository/com/fasterxml/jackson/datatype/jackson-datatype-jdk8/2.9.6/jackson-datatype-jdk8-2.9.6.jar:/home/arnaudthovert/.m2/repository/com/fasterxml/jackson/module/jackson-module-parameter-names/2.9.6/jackson-module-parameter-names-2.9.6.jar:/home/arnaudthovert/.m2/repository/org/springframework/boot/spring-boot-starter-tomcat/2.0.4.RELEASE/spring-boot-starter-tomcat-2.0.4.RELEASE.jar:/home/arnaudthovert/.m2/repository/org/apache/tomcat/embed/tomcat-embed-core/8.5.32/tomcat-embed-core-8.5.32.jar:/home/arnaudthovert/.m2/repository/org/apache/tomcat/embed/tomcat-embed-el/8.5.32/tomcat-embed-el-8.5.32.jar:/home/arnaudthovert/.m2/repository/org/apache/tomcat/embed/tomcat-embed-websocket/8.5.32/tomcat-embed-websocket-8.5.32.jar:/home/arnaudthovert/.m2/repository/org/hibernate/validator/hibernate-validator/6.0.11.Final/hibernate-validator-6.0.11.Final.jar:/home/arnaudthovert/.m2/repository/javax/validation/validation-api/2.0.1.Final/validation-api-2.0.1.Final.jar:/home/arnaudthovert/.m2/repository/org/openjfx/javafx.base/11.0.0-SNAPSHOT/javafx.base-11.0.0-SNAPSHOT.jar:/home/arnaudthovert/.m2/repository/org/openjfx/javafx.base/11.0.0-SNAPSHOT/javafx.base-11.0.0-SNAPSHOT-linux.jar:/home/arnaudthovert/.m2/repository/org/openjfx/javafx.base/11.0.0-SNAPSHOT/javafx.base-11.0.0-SNAPSHOT-mac.jar:/home/arnaudthovert/.m2/repository/org/openjfx/javafx.base/11.0.0-SNAPSHOT/javafx.base-11.0.0-SNAPSHOT-win.jar:/home/arnaudthovert/.m2/repository/org/springframework/spring-web/5.0.8.RELEASE/spring-web-5.0.8.RELEASE.jar:/home/arnaudthovert/.m2/repository/org/springframework/spring-webmvc/5.0.8.RELEASE/spring-webmvc-5.0.8.RELEASE.jar:/home/arnaudthovert/.m2/repository/org/springframework/spring-expression/5.0.8.RELEASE/spring-expression-5.0.8.RELEASE.jar:/home/arnaudthovert/.m2/repository/com/h2database/h2/1.4.197/h2-1.4.197.jar:/home/arnaudthovert/.m2/repository/org/springframework/cloud/spring-cloud-starter-sleuth/2.0.0.RELEASE/spring-cloud-starter-sleuth-2.0.0.RELEASE.jar:/home/arnaudthovert/.m2/repository/org/springframework/cloud/spring-cloud-starter/2.0.0.RELEASE/spring-cloud-starter-2.0.0.RELEASE.jar:/home/arnaudthovert/.m2/repository/org/springframework/cloud/spring-cloud-context/2.0.0.RELEASE/spring-cloud-context-2.0.0.RELEASE.jar:/home/arnaudthovert/.m2/repository/org/springframework/security/spring-security-rsa/1.0.5.RELEASE/spring-security-rsa-1.0.5.RELEASE.jar:/home/arnaudthovert/.m2/repository/org/bouncycastle/bcpkix-jdk15on/1.56/bcpkix-jdk15on-1.56.jar:/home/arnaudthovert/.m2/repository/org/bouncycastle/bcprov-jdk15on/1.56/bcprov-jdk15on-1.56.jar:/home/arnaudthovert/.m2/repository/org/springframework/cloud/spring-cloud-sleuth-core/2.0.0.RELEASE/spring-cloud-sleuth-core-2.0.0.RELEASE.jar:/home/arnaudthovert/.m2/repository/org/aspectj/aspectjrt/1.8.13/aspectjrt-1.8.13.jar:/home/arnaudthovert/.m2/repository/io/zipkin/brave/brave/5.1.0/brave-5.1.0.jar:/home/arnaudthovert/.m2/repository/io/zipkin/brave/brave-context-log4j2/5.1.0/brave-context-log4j2-5.1.0.jar:/home/arnaudthovert/.m2/repository/io/zipkin/brave/brave-instrumentation-spring-web/5.1.0/brave-instrumentation-spring-web-5.1.0.jar:/home/arnaudthovert/.m2/repository/io/zipkin/brave/brave-instrumentation-http/5.1.0/brave-instrumentation-http-5.1.0.jar:/home/arnaudthovert/.m2/repository/io/zipkin/brave/brave-instrumentation-spring-rabbit/5.1.0/brave-instrumentation-spring-rabbit-5.1.0.jar:/home/arnaudthovert/.m2/repository/io/zipkin/brave/brave-instrumentation-kafka-clients/5.1.0/brave-instrumentation-kafka-clients-5.1.0.jar:/home/arnaudthovert/.m2/repository/io/zipkin/brave/brave-instrumentation-httpclient/5.1.0/brave-instrumentation-httpclient-5.1.0.jar:/home/arnaudthovert/.m2/repository/io/zipkin/brave/brave-instrumentation-httpasyncclient/5.1.0/brave-instrumentation-httpasyncclient-5.1.0.jar:/home/arnaudthovert/.m2/repository/io/zipkin/brave/brave-instrumentation-spring-webmvc/5.1.0/brave-instrumentation-spring-webmvc-5.1.0.jar:/home/arnaudthovert/.m2/repository/io/zipkin/brave/brave-instrumentation-servlet/5.1.0/brave-instrumentation-servlet-5.1.0.jar:/home/arnaudthovert/.m2/repository/org/springframework/cloud/spring-cloud-sleuth-zipkin/2.0.0.RELEASE/spring-cloud-sleuth-zipkin-2.0.0.RELEASE.jar:/home/arnaudthovert/.m2/repository/org/springframework/cloud/spring-cloud-commons/2.0.0.RELEASE/spring-cloud-commons-2.0.0.RELEASE.jar:/home/arnaudthovert/.m2/repository/org/springframework/security/spring-security-crypto/5.0.7.RELEASE/spring-security-crypto-5.0.7.RELEASE.jar:/home/arnaudthovert/.m2/repository/io/zipkin/zipkin2/zipkin/2.9.3/zipkin-2.9.3.jar:/home/arnaudthovert/.m2/repository/io/zipkin/reporter2/zipkin-reporter/2.7.3/zipkin-reporter-2.7.3.jar:/home/arnaudthovert/.m2/repository/io/zipkin/reporter2/zipkin-sender-kafka11/2.7.3/zipkin-sender-kafka11-2.7.3.jar:/home/arnaudthovert/.m2/repository/io/zipkin/reporter2/zipkin-sender-amqp-client/2.7.3/zipkin-sender-amqp-client-2.7.3.jar:/home/arnaudthovert/.m2/repository/commons-collections/commons-collections/3.2.2/commons-collections-3.2.2.jar:/home/arnaudthovert/.m2/repository/net/logstash/logback/logstash-logback-encoder/4.11/logstash-logback-encoder-4.11.jar:/home/arnaudthovert/.m2/repository/ch/qos/logback/logback-core/1.2.3/logback-core-1.2.3.jar:/home/arnaudthovert/.m2/repository/com/fasterxml/jackson/core/jackson-databind/2.9.6/jackson-databind-2.9.6.jar:/home/arnaudthovert/.m2/repository/javax/xml/bind/jaxb-api/2.3.1/jaxb-api-2.3.1.jar:/home/arnaudthovert/.m2/repository/javax/activation/javax.activation-api/1.2.0/javax.activation-api-1.2.0.jar:/home/arnaudthovert/.m2/repository/org/glassfish/jaxb/jaxb-runtime/2.3.3/jaxb-runtime-2.3.3.jar:/home/arnaudthovert/.m2/repository/jakarta/xml/bind/jakarta.xml.bind-api/2.3.3/jakarta.xml.bind-api-2.3.3.jar:/home/arnaudthovert/.m2/repository/org/glassfish/jaxb/txw2/2.3.3/txw2-2.3.3.jar:/home/arnaudthovert/.m2/repository/com/sun/istack/istack-commons-runtime/3.0.11/istack-commons-runtime-3.0.11.jar:/home/arnaudthovert/.m2/repository/com/sun/activation/jakarta.activation/1.2.2/jakarta.activation-1.2.2.jar:/home/arnaudthovert/.m2/repository/com/fasterxml/jackson/dataformat/jackson-dataformat-xml/2.9.6/jackson-dataformat-xml-2.9.6.jar:/home/arnaudthovert/.m2/repository/com/fasterxml/jackson/core/jackson-core/2.9.6/jackson-core-2.9.6.jar:/home/arnaudthovert/.m2/repository/com/fasterxml/jackson/core/jackson-annotations/2.9.0/jackson-annotations-2.9.0.jar:/home/arnaudthovert/.m2/repository/com/fasterxml/jackson/module/jackson-module-jaxb-annotations/2.9.6/jackson-module-jaxb-annotations-2.9.6.jar:/home/arnaudthovert/.m2/repository/org/codehaus/woodstox/stax2-api/3.1.4/stax2-api-3.1.4.jar:/home/arnaudthovert/.m2/repository/com/fasterxml/woodstox/woodstox-core/5.0.3/woodstox-core-5.0.3.jar:/home/arnaudthovert/.m2/repository/com/fasterxml/jackson/datatype/jackson-datatype-joda/2.9.6/jackson-datatype-joda-2.9.6.jar:/home/arnaudthovert/.m2/repository/joda-time/joda-time/2.9.9/joda-time-2.9.9.jar:/home/arnaudthovert/.m2/repository/org/junit/jupiter/junit-jupiter-api/5.1.1/junit-jupiter-api-5.1.1.jar:/home/arnaudthovert/.m2/repository/org/apiguardian/apiguardian-api/1.0.0/apiguardian-api-1.0.0.jar:/home/arnaudthovert/.m2/repository/org/opentest4j/opentest4j/1.0.0/opentest4j-1.0.0.jar:/home/arnaudthovert/.m2/repository/org/junit/platform/junit-platform-commons/1.1.1/junit-platform-commons-1.1.1.jar:/home/arnaudthovert/.m2/repository/org/mockito/mockito-core/2.15.0/mockito-core-2.15.0.jar:/home/arnaudthovert/.m2/repository/net/bytebuddy/byte-buddy/1.7.11/byte-buddy-1.7.11.jar:/home/arnaudthovert/.m2/repository/net/bytebuddy/byte-buddy-agent/1.7.11/byte-buddy-agent-1.7.11.jar:/home/arnaudthovert/.m2/repository/org/objenesis/objenesis/2.6/objenesis-2.6.jar:/home/arnaudthovert/.m2/repository/org/assertj/assertj-core/3.9.1/assertj-core-3.9.1.jar:/home/arnaudthovert/.m2/repository/org/springframework/boot/spring-boot-test/2.0.4.RELEASE/spring-boot-test-2.0.4.RELEASE.jar:/home/arnaudthovert/.m2/repository/org/springframework/spring-test/5.0.8.RELEASE/spring-test-5.0.8.RELEASE.jar:"/>
    <property name="sun.cpu.endian" value="little"/>
    <property name="user.home" value="/home/arnaudthovert"/>
    <property name="user.language" value="fr"/>
    <property name="java.specification.vendor" value="Oracle Corporation"/>
    <property name="java.version.date" value="2025-04-15"/>
    <property name="java.home" value="/usr/lib/jvm/java-17-openjdk-amd64"/>
    <property name="file.separator" value="/"/>
    <property name="basedir" value="/home/arnaudthovert/ECF/Activite2/spring-boot-hello-world"/>
    <property name="java.vm.compressedOopsMode" value="32-bit"/>
    <property name="line.separator" value="&#10;"/>
    <property name="java.vm.specification.vendor" value="Oracle Corporation"/>
    <property name="java.specification.name" value="Java Platform API Specification"/>
    <property name="java.awt.headless" value="true"/>
    <property name="surefire.real.class.path" value="/home/arnaudthovert/ECF/Activite2/spring-boot-hello-world/target/surefire/surefirebooter-20250721200144299_3.jar"/>
    <property name="LOG_LEVEL_PATTERN" value="%5p [-,%X{X-B3-TraceId:-},%X{X-B3-SpanId:-},%X{X-Span-Export:-}]"/>
    <property name="sun.management.compiler" value="HotSpot 64-Bit Tiered Compilers"/>
    <property name="java.runtime.version" value="17.0.15+6-Ubuntu-0ubuntu122.04"/>
    <property name="user.name" value="arnaudthovert"/>
    <property name="path.separator" value=":"/>
    <property name="os.version" value="6.8.0-64-generic"/>
    <property name="java.runtime.name" value="OpenJDK Runtime Environment"/>
    <property name="file.encoding" value="UTF-8"/>
    <property name="spring.beaninfo.ignore" value="true"/>
    <property name="java.vm.name" value="OpenJDK 64-Bit Server VM"/>
    <property name="localRepository" value="/home/arnaudthovert/.m2/repository"/>
    <property name="java.vendor.url.bug" value="https://bugs.launchpad.net/ubuntu/+source/openjdk-17"/>
    <property name="java.io.tmpdir" value="/tmp"/>
    <property name="catalina.home" value="/tmp/tomcat.4945311161433777517.0"/>
    <property name="com.zaxxer.hikari.pool_number" value="1"/>
    <property name="java.version" value="17.0.15"/>
    <property name="user.dir" value="/home/arnaudthovert/ECF/Activite2/spring-boot-hello-world"/>
    <property name="os.arch" value="amd64"/>
    <property name="java.vm.specification.name" value="Java Virtual Machine Specification"/>
    <property name="PID" value="4590"/>
    <property name="catalina.base" value="/tmp/tomcat.4945311161433777517.0"/>
    <property name="native.encoding" value="UTF-8"/>
    <property name="java.library.path" value="/usr/java/packages/lib:/usr/lib/x86_64-linux-gnu/jni:/lib/x86_64-linux-gnu:/usr/lib/x86_64-linux-gnu:/usr/lib/jni:/lib:/usr/lib"/>
    <property name="java.vm.info" value="mixed mode, sharing"/>
    <property name="java.vendor" value="Ubuntu"/>
    <property name="java.vm.version" value="17.0.15+6-Ubuntu-0ubuntu122.04"/>
    <property name="java.specification.maintenance.version" value="1"/>
    <property name="sun.io.unicode.encoding" value="UnicodeLittle"/>
    <property name="java.class.version" value="61.0"/>
  </properties>
  <testcase name="responseShouldContainHelloWorldKey" classname="com.testing.HelloWorldControllerTest" time="0.099">
    <system-out><![CDATA[2025-07-21 20:02:23.582  INFO [hello-world,,,] 4590 --- [           main] com.testing.HelloWorldController         : Returning {hostname=arnaudthovert-VirtualBox, ip=127.0.1.1, message=Hello World!}
]]></system-out>
  </testcase>
</testsuite>